<?xml version="1.0" encoding="UTF-8" ?>
<testsuites>
  <testsuite errors="0" failures="1" hostname="newton" id="0" name="RaceControllerTests" package="racetrack" tests="1" time="1.233" timestamp="2012-03-12T18:46:31">
      <properties />

      <testcase classname="racetrack.RaceControllerTests" name="testSomething" time="1.2">
          <failure message="java.lang.AssertionError: Implement me" type="junit.framework.AssertionFailedError">junit.framework.AssertionFailedError: java.lang.AssertionError: Implement me
	at racetrack.RaceControllerTests.testSomething(RaceControllerTests.groovy:15)
</failure>

      </testcase>

      <system-out><![CDATA[--Output from testSomething--
]]></system-out>

      <system-err><![CDATA[--Output from testSomething--
]]></system-err>

  </testsuite>
  <testsuite errors="0" failures="0" hostname="newton" id="1" name="RaceTests" package="racetrack" tests="1" time="0.208" timestamp="2012-03-12T18:46:33">
      <properties />

      <testcase classname="racetrack.RaceTests" name="testInMiles" time="0.103" />

      <system-out><![CDATA[--Output from testInMiles--
]]></system-out>

      <system-err><![CDATA[--Output from testInMiles--
]]></system-err>

  </testsuite>
  <testsuite errors="0" failures="1" hostname="newton" id="2" name="RegistrationControllerTests" package="racetrack" tests="1" time="0.406" timestamp="2012-03-12T18:46:33">
      <properties />

      <testcase classname="racetrack.RegistrationControllerTests" name="testSomething" time="0.194">
          <failure message="java.lang.AssertionError: Implement me" type="junit.framework.AssertionFailedError">junit.framework.AssertionFailedError: java.lang.AssertionError: Implement me
	at racetrack.RegistrationControllerTests.testSomething(RegistrationControllerTests.groovy:15)
</failure>

      </testcase>

      <system-out><![CDATA[--Output from testSomething--
]]></system-out>

      <system-err><![CDATA[--Output from testSomething--
]]></system-err>

  </testsuite>
  <testsuite errors="0" failures="1" hostname="newton" id="3" name="RegistrationTests" package="racetrack" tests="1" time="0.364" timestamp="2012-03-12T18:46:33">
      <properties />

      <testcase classname="racetrack.RegistrationTests" name="testSomething" time="0.359">
          <failure message="java.lang.AssertionError: Implement me" type="junit.framework.AssertionFailedError">junit.framework.AssertionFailedError: java.lang.AssertionError: Implement me
	at racetrack.RegistrationTests.testSomething(RegistrationTests.groovy:15)
</failure>

      </testcase>

      <system-out><![CDATA[--Output from testSomething--
]]></system-out>

      <system-err><![CDATA[--Output from testSomething--
]]></system-err>

  </testsuite>
</testsuites>
