<?xml version="1.0" encoding="UTF-8" ?>
<testsuite errors="0" failures="1" hostname="newton" name="racetrack.RegistrationControllerTests" tests="1" time="0.406" timestamp="2012-03-12T18:46:33">
  <properties />
  <testcase classname="racetrack.RegistrationControllerTests" name="testSomething" time="0.194">
    <failure message="java.lang.AssertionError: Implement me" type="junit.framework.AssertionFailedError">junit.framework.AssertionFailedError: java.lang.AssertionError: Implement me
	at racetrack.RegistrationControllerTests.testSomething(RegistrationControllerTests.groovy:15)
</failure>
  </testcase>
  <system-out><![CDATA[--Output from testSomething--
]]></system-out>
  <system-err><![CDATA[--Output from testSomething--
]]></system-err>
</testsuite>
