<?xml version="1.0" encoding="UTF-8" ?>
<testsuite errors="0" failures="1" hostname="newton" name="racetrack.RegistrationTests" tests="1" time="0.364" timestamp="2012-03-12T18:46:33">
  <properties />
  <testcase classname="racetrack.RegistrationTests" name="testSomething" time="0.359">
    <failure message="java.lang.AssertionError: Implement me" type="junit.framework.AssertionFailedError">junit.framework.AssertionFailedError: java.lang.AssertionError: Implement me
	at racetrack.RegistrationTests.testSomething(RegistrationTests.groovy:15)
</failure>
  </testcase>
  <system-out><![CDATA[--Output from testSomething--
]]></system-out>
  <system-err><![CDATA[--Output from testSomething--
]]></system-err>
</testsuite>
