<?xml version="1.0" encoding="UTF-8" ?>
<testsuite errors="0" failures="1" hostname="newton" name="racetrack.RaceControllerTests" tests="1" time="1.233" timestamp="2012-03-12T18:46:31">
  <properties />
  <testcase classname="racetrack.RaceControllerTests" name="testSomething" time="1.2">
    <failure message="java.lang.AssertionError: Implement me" type="junit.framework.AssertionFailedError">junit.framework.AssertionFailedError: java.lang.AssertionError: Implement me
	at racetrack.RaceControllerTests.testSomething(RaceControllerTests.groovy:15)
</failure>
  </testcase>
  <system-out><![CDATA[--Output from testSomething--
]]></system-out>
  <system-err><![CDATA[--Output from testSomething--
]]></system-err>
</testsuite>
